{"C:\\Users\\damia\\Polito\\Magistrale\\Anno 2\\SoftEng II\\SE2-Group7\\server\\server.mjs": {"path":"C:\\Users\\damia\\Polito\\Magistrale\\Anno 2\\SoftEng II\\SE2-Group7\\server\\server.mjs","all":false,"statementMap":{"0":{"start":{"line":1,"column":0},"end":{"line":1,"column":30}},"1":{"start":{"line":2,"column":0},"end":{"line":2,"column":24}},"2":{"start":{"line":3,"column":0},"end":{"line":3,"column":34}},"3":{"start":{"line":4,"column":0},"end":{"line":4,"column":24}},"4":{"start":{"line":5,"column":0},"end":{"line":5,"column":28}},"6":{"start":{"line":7,"column":0},"end":{"line":7,"column":44}},"7":{"start":{"line":8,"column":0},"end":{"line":8,"column":58}},"9":{"start":{"line":10,"column":0},"end":{"line":10,"column":32}},"12":{"start":{"line":13,"column":0},"end":{"line":13,"column":22}},"14":{"start":{"line":15,"column":0},"end":{"line":15,"column":24}},"15":{"start":{"line":16,"column":0},"end":{"line":16,"column":23}},"17":{"start":{"line":18,"column":0},"end":{"line":18,"column":21}},"18":{"start":{"line":19,"column":0},"end":{"line":19,"column":34}},"19":{"start":{"line":20,"column":0},"end":{"line":20,"column":28}},"20":{"start":{"line":21,"column":0},"end":{"line":21,"column":19}},"21":{"start":{"line":22,"column":0},"end":{"line":22,"column":2}},"23":{"start":{"line":24,"column":0},"end":{"line":24,"column":27}},"25":{"start":{"line":26,"column":0},"end":{"line":26,"column":45}},"27":{"start":{"line":28,"column":0},"end":{"line":28,"column":18}},"29":{"start":{"line":30,"column":0},"end":{"line":30,"column":38}},"32":{"start":{"line":33,"column":0},"end":{"line":33,"column":28}},"35":{"start":{"line":36,"column":0},"end":{"line":36,"column":35}},"36":{"start":{"line":37,"column":0},"end":{"line":37,"column":47}},"37":{"start":{"line":38,"column":0},"end":{"line":38,"column":50}},"38":{"start":{"line":39,"column":0},"end":{"line":39,"column":30}},"39":{"start":{"line":40,"column":0},"end":{"line":40,"column":44}},"40":{"start":{"line":41,"column":0},"end":{"line":41,"column":8}},"41":{"start":{"line":42,"column":0},"end":{"line":42,"column":41}},"42":{"start":{"line":43,"column":0},"end":{"line":43,"column":1}},"43":{"start":{"line":44,"column":0},"end":{"line":44,"column":19}},"49":{"start":{"line":50,"column":0},"end":{"line":50,"column":31}},"50":{"start":{"line":51,"column":0},"end":{"line":51,"column":11}},"51":{"start":{"line":52,"column":0},"end":{"line":52,"column":40}},"52":{"start":{"line":53,"column":0},"end":{"line":53,"column":32}},"53":{"start":{"line":54,"column":0},"end":{"line":54,"column":5}},"54":{"start":{"line":55,"column":0},"end":{"line":55,"column":3}},"55":{"start":{"line":56,"column":0},"end":{"line":56,"column":31}},"56":{"start":{"line":57,"column":0},"end":{"line":57,"column":42}},"58":{"start":{"line":59,"column":0},"end":{"line":59,"column":35}},"59":{"start":{"line":60,"column":0},"end":{"line":60,"column":90}},"60":{"start":{"line":61,"column":0},"end":{"line":61,"column":39}},"61":{"start":{"line":62,"column":0},"end":{"line":62,"column":6}},"62":{"start":{"line":63,"column":0},"end":{"line":63,"column":2}},"66":{"start":{"line":67,"column":0},"end":{"line":67,"column":46}},"67":{"start":{"line":68,"column":0},"end":{"line":68,"column":8}},"68":{"start":{"line":69,"column":0},"end":{"line":69,"column":52}},"69":{"start":{"line":70,"column":0},"end":{"line":70,"column":46}},"70":{"start":{"line":71,"column":0},"end":{"line":71,"column":16}},"71":{"start":{"line":72,"column":0},"end":{"line":72,"column":62}},"72":{"start":{"line":73,"column":0},"end":{"line":73,"column":5}},"73":{"start":{"line":74,"column":0},"end":{"line":74,"column":3}},"74":{"start":{"line":75,"column":0},"end":{"line":75,"column":56}},"75":{"start":{"line":76,"column":0},"end":{"line":76,"column":9}},"76":{"start":{"line":77,"column":0},"end":{"line":77,"column":57}},"77":{"start":{"line":78,"column":0},"end":{"line":78,"column":46}},"79":{"start":{"line":80,"column":0},"end":{"line":80,"column":101}},"80":{"start":{"line":81,"column":0},"end":{"line":81,"column":59}},"82":{"start":{"line":83,"column":0},"end":{"line":83,"column":37}},"83":{"start":{"line":84,"column":0},"end":{"line":84,"column":36}},"84":{"start":{"line":85,"column":0},"end":{"line":85,"column":28}},"85":{"start":{"line":86,"column":0},"end":{"line":86,"column":40}},"86":{"start":{"line":87,"column":0},"end":{"line":87,"column":11}},"87":{"start":{"line":88,"column":0},"end":{"line":88,"column":21}},"88":{"start":{"line":89,"column":0},"end":{"line":89,"column":55}},"89":{"start":{"line":90,"column":0},"end":{"line":90,"column":62}},"90":{"start":{"line":91,"column":0},"end":{"line":91,"column":5}},"92":{"start":{"line":93,"column":0},"end":{"line":93,"column":3}},"95":{"start":{"line":96,"column":0},"end":{"line":96,"column":46}},"96":{"start":{"line":97,"column":0},"end":{"line":97,"column":7}},"97":{"start":{"line":98,"column":0},"end":{"line":98,"column":50}},"98":{"start":{"line":99,"column":0},"end":{"line":99,"column":28}},"99":{"start":{"line":100,"column":0},"end":{"line":100,"column":25}},"100":{"start":{"line":101,"column":0},"end":{"line":101,"column":11}},"101":{"start":{"line":102,"column":0},"end":{"line":102,"column":61}},"102":{"start":{"line":103,"column":0},"end":{"line":103,"column":3}},"103":{"start":{"line":104,"column":0},"end":{"line":104,"column":2}},"105":{"start":{"line":106,"column":0},"end":{"line":106,"column":58}},"106":{"start":{"line":107,"column":0},"end":{"line":107,"column":9}},"107":{"start":{"line":108,"column":0},"end":{"line":108,"column":50}},"108":{"start":{"line":109,"column":0},"end":{"line":109,"column":38}},"110":{"start":{"line":111,"column":0},"end":{"line":111,"column":26}},"111":{"start":{"line":112,"column":0},"end":{"line":112,"column":76}},"112":{"start":{"line":113,"column":0},"end":{"line":113,"column":9}},"114":{"start":{"line":115,"column":0},"end":{"line":115,"column":70}},"115":{"start":{"line":116,"column":0},"end":{"line":116,"column":37}},"116":{"start":{"line":117,"column":0},"end":{"line":117,"column":21}},"117":{"start":{"line":118,"column":0},"end":{"line":118,"column":57}},"118":{"start":{"line":119,"column":0},"end":{"line":119,"column":63}},"119":{"start":{"line":120,"column":0},"end":{"line":120,"column":5}},"120":{"start":{"line":121,"column":0},"end":{"line":121,"column":2}},"122":{"start":{"line":123,"column":0},"end":{"line":123,"column":59}},"123":{"start":{"line":124,"column":0},"end":{"line":124,"column":9}},"124":{"start":{"line":125,"column":0},"end":{"line":125,"column":50}},"125":{"start":{"line":126,"column":0},"end":{"line":126,"column":40}},"127":{"start":{"line":128,"column":0},"end":{"line":128,"column":26}},"128":{"start":{"line":129,"column":0},"end":{"line":129,"column":76}},"129":{"start":{"line":130,"column":0},"end":{"line":130,"column":9}},"131":{"start":{"line":132,"column":0},"end":{"line":132,"column":71}},"132":{"start":{"line":133,"column":0},"end":{"line":133,"column":65}},"134":{"start":{"line":135,"column":0},"end":{"line":135,"column":37}},"135":{"start":{"line":136,"column":0},"end":{"line":136,"column":21}},"136":{"start":{"line":137,"column":0},"end":{"line":137,"column":57}},"137":{"start":{"line":138,"column":0},"end":{"line":138,"column":63}},"138":{"start":{"line":139,"column":0},"end":{"line":139,"column":5}},"139":{"start":{"line":140,"column":0},"end":{"line":140,"column":2}},"142":{"start":{"line":143,"column":0},"end":{"line":143,"column":79}},"143":{"start":{"line":144,"column":0},"end":{"line":144,"column":9}},"144":{"start":{"line":145,"column":0},"end":{"line":145,"column":71}},"145":{"start":{"line":146,"column":0},"end":{"line":146,"column":57}},"148":{"start":{"line":149,"column":0},"end":{"line":149,"column":55}},"149":{"start":{"line":150,"column":0},"end":{"line":150,"column":52}},"150":{"start":{"line":151,"column":0},"end":{"line":151,"column":9}},"153":{"start":{"line":154,"column":0},"end":{"line":154,"column":77}},"154":{"start":{"line":155,"column":0},"end":{"line":155,"column":99}},"157":{"start":{"line":158,"column":0},"end":{"line":158,"column":22}},"158":{"start":{"line":159,"column":0},"end":{"line":159,"column":76}},"159":{"start":{"line":160,"column":0},"end":{"line":160,"column":9}},"161":{"start":{"line":162,"column":0},"end":{"line":162,"column":64}},"163":{"start":{"line":164,"column":0},"end":{"line":164,"column":37}},"164":{"start":{"line":165,"column":0},"end":{"line":165,"column":26}},"165":{"start":{"line":166,"column":0},"end":{"line":166,"column":41}},"166":{"start":{"line":167,"column":0},"end":{"line":167,"column":11}},"167":{"start":{"line":168,"column":0},"end":{"line":168,"column":21}},"168":{"start":{"line":169,"column":0},"end":{"line":169,"column":61}},"169":{"start":{"line":170,"column":0},"end":{"line":170,"column":63}},"170":{"start":{"line":171,"column":0},"end":{"line":171,"column":5}},"171":{"start":{"line":172,"column":0},"end":{"line":172,"column":2}},"175":{"start":{"line":176,"column":0},"end":{"line":176,"column":38}},"176":{"start":{"line":177,"column":0},"end":{"line":177,"column":29}},"177":{"start":{"line":178,"column":0},"end":{"line":178,"column":64}},"178":{"start":{"line":179,"column":0},"end":{"line":179,"column":5}},"179":{"start":{"line":180,"column":0},"end":{"line":180,"column":1}}},"s":{"0":1,"1":1,"2":1,"3":1,"4":1,"6":1,"7":1,"9":1,"12":1,"14":1,"15":1,"17":1,"18":1,"19":1,"20":1,"21":1,"23":1,"25":1,"27":1,"29":1,"32":1,"35":5,"36":5,"37":5,"38":18,"39":18,"40":5,"41":5,"42":5,"43":1,"49":1,"50":1,"51":1,"52":1,"53":1,"54":1,"55":1,"56":0,"58":0,"59":0,"60":0,"61":0,"62":0,"66":1,"67":4,"68":4,"69":4,"70":4,"71":0,"72":0,"73":4,"74":1,"75":2,"76":2,"77":2,"79":2,"80":2,"82":2,"83":2,"84":2,"85":2,"86":2,"87":2,"88":0,"89":0,"90":0,"92":2,"95":1,"96":8,"97":8,"98":8,"99":8,"100":8,"101":0,"102":0,"103":8,"105":1,"106":2,"107":2,"108":2,"110":2,"111":0,"112":0,"114":2,"115":2,"116":2,"117":0,"118":0,"119":0,"120":2,"122":1,"123":0,"124":0,"125":0,"127":0,"128":0,"129":0,"131":0,"132":0,"134":0,"135":0,"136":0,"137":0,"138":0,"139":0,"142":1,"143":3,"144":3,"145":3,"148":3,"149":0,"150":0,"153":3,"154":3,"157":3,"158":2,"159":2,"161":1,"163":1,"164":1,"165":1,"166":1,"167":3,"168":0,"169":0,"170":0,"171":3,"175":1,"176":0,"177":0,"178":0,"179":0},"branchMap":{"0":{"type":"branch","line":176,"loc":{"start":{"line":176,"column":37},"end":{"line":180,"column":1}},"locations":[{"start":{"line":176,"column":37},"end":{"line":180,"column":1}}]},"1":{"type":"branch","line":36,"loc":{"start":{"line":36,"column":0},"end":{"line":43,"column":1}},"locations":[{"start":{"line":36,"column":0},"end":{"line":43,"column":1}}]},"2":{"type":"branch","line":38,"loc":{"start":{"line":38,"column":37},"end":{"line":41,"column":6}},"locations":[{"start":{"line":38,"column":37},"end":{"line":41,"column":6}}]},"3":{"type":"branch","line":67,"loc":{"start":{"line":67,"column":25},"end":{"line":74,"column":3}},"locations":[{"start":{"line":67,"column":25},"end":{"line":74,"column":3}}]},"4":{"type":"branch","line":71,"loc":{"start":{"line":71,"column":4},"end":{"line":73,"column":5}},"locations":[{"start":{"line":71,"column":4},"end":{"line":73,"column":5}}]},"5":{"type":"branch","line":75,"loc":{"start":{"line":75,"column":35},"end":{"line":93,"column":3}},"locations":[{"start":{"line":75,"column":35},"end":{"line":93,"column":3}}]},"6":{"type":"branch","line":88,"loc":{"start":{"line":88,"column":4},"end":{"line":91,"column":5}},"locations":[{"start":{"line":88,"column":4},"end":{"line":91,"column":5}}]},"7":{"type":"branch","line":96,"loc":{"start":{"line":96,"column":25},"end":{"line":104,"column":2}},"locations":[{"start":{"line":96,"column":25},"end":{"line":104,"column":2}}]},"8":{"type":"branch","line":101,"loc":{"start":{"line":101,"column":2},"end":{"line":103,"column":3}},"locations":[{"start":{"line":101,"column":2},"end":{"line":103,"column":3}}]},"9":{"type":"branch","line":106,"loc":{"start":{"line":106,"column":37},"end":{"line":121,"column":2}},"locations":[{"start":{"line":106,"column":37},"end":{"line":121,"column":2}}]},"10":{"type":"branch","line":111,"loc":{"start":{"line":111,"column":25},"end":{"line":113,"column":9}},"locations":[{"start":{"line":111,"column":25},"end":{"line":113,"column":9}}]},"11":{"type":"branch","line":117,"loc":{"start":{"line":117,"column":4},"end":{"line":120,"column":5}},"locations":[{"start":{"line":117,"column":4},"end":{"line":120,"column":5}}]},"12":{"type":"branch","line":143,"loc":{"start":{"line":143,"column":59},"end":{"line":172,"column":2}},"locations":[{"start":{"line":143,"column":59},"end":{"line":172,"column":2}}]},"13":{"type":"branch","line":149,"loc":{"start":{"line":149,"column":12},"end":{"line":149,"column":54}},"locations":[{"start":{"line":149,"column":12},"end":{"line":149,"column":54}}]},"14":{"type":"branch","line":149,"loc":{"start":{"line":149,"column":54},"end":{"line":151,"column":9}},"locations":[{"start":{"line":149,"column":54},"end":{"line":151,"column":9}}]},"15":{"type":"branch","line":158,"loc":{"start":{"line":158,"column":21},"end":{"line":168,"column":13}},"locations":[{"start":{"line":158,"column":21},"end":{"line":168,"column":13}}]},"16":{"type":"branch","line":160,"loc":{"start":{"line":160,"column":8},"end":{"line":168,"column":13}},"locations":[{"start":{"line":160,"column":8},"end":{"line":168,"column":13}}]},"17":{"type":"branch","line":168,"loc":{"start":{"line":168,"column":4},"end":{"line":171,"column":5}},"locations":[{"start":{"line":168,"column":4},"end":{"line":171,"column":5}}]}},"b":{"0":[0],"1":[5],"2":[18],"3":[4],"4":[0],"5":[2],"6":[0],"7":[8],"8":[0],"9":[2],"10":[0],"11":[0],"12":[3],"13":[0],"14":[0],"15":[2],"16":[1],"17":[0]},"fnMap":{"0":{"name":"inizializeQueues","decl":{"start":{"line":36,"column":0},"end":{"line":43,"column":1}},"loc":{"start":{"line":36,"column":0},"end":{"line":43,"column":1}},"line":36}},"f":{"0":5}}
,"C:\\Users\\damia\\Polito\\Magistrale\\Anno 2\\SoftEng II\\SE2-Group7\\server\\dao\\DAO.mjs": {"path":"C:\\Users\\damia\\Polito\\Magistrale\\Anno 2\\SoftEng II\\SE2-Group7\\server\\dao\\DAO.mjs","all":false,"statementMap":{"0":{"start":{"line":1,"column":0},"end":{"line":1,"column":28}},"1":{"start":{"line":2,"column":0},"end":{"line":2,"column":26}},"2":{"start":{"line":3,"column":0},"end":{"line":3,"column":53}},"3":{"start":{"line":4,"column":0},"end":{"line":4,"column":0}},"4":{"start":{"line":5,"column":0},"end":{"line":5,"column":58}},"5":{"start":{"line":6,"column":0},"end":{"line":6,"column":22}},"6":{"start":{"line":7,"column":0},"end":{"line":7,"column":2}},"7":{"start":{"line":8,"column":0},"end":{"line":8,"column":0}},"8":{"start":{"line":9,"column":0},"end":{"line":9,"column":8}},"9":{"start":{"line":10,"column":0},"end":{"line":10,"column":37}},"10":{"start":{"line":11,"column":0},"end":{"line":11,"column":45}},"11":{"start":{"line":12,"column":0},"end":{"line":12,"column":51}},"12":{"start":{"line":13,"column":0},"end":{"line":13,"column":8}},"13":{"start":{"line":14,"column":0},"end":{"line":14,"column":36}},"14":{"start":{"line":15,"column":0},"end":{"line":15,"column":61}},"15":{"start":{"line":16,"column":0},"end":{"line":16,"column":24}},"16":{"start":{"line":17,"column":0},"end":{"line":17,"column":49}},"17":{"start":{"line":18,"column":0},"end":{"line":18,"column":10}},"18":{"start":{"line":19,"column":0},"end":{"line":19,"column":8}},"19":{"start":{"line":20,"column":0},"end":{"line":20,"column":59}},"20":{"start":{"line":21,"column":0},"end":{"line":21,"column":40}},"21":{"start":{"line":22,"column":0},"end":{"line":22,"column":12}},"22":{"start":{"line":23,"column":0},"end":{"line":23,"column":48}},"23":{"start":{"line":24,"column":0},"end":{"line":24,"column":62}},"24":{"start":{"line":25,"column":0},"end":{"line":25,"column":12}},"25":{"start":{"line":26,"column":0},"end":{"line":26,"column":33}},"26":{"start":{"line":27,"column":0},"end":{"line":27,"column":88}},"27":{"start":{"line":28,"column":0},"end":{"line":28,"column":41}},"28":{"start":{"line":29,"column":0},"end":{"line":29,"column":14}},"29":{"start":{"line":30,"column":0},"end":{"line":30,"column":12}},"30":{"start":{"line":31,"column":0},"end":{"line":31,"column":79}},"31":{"start":{"line":32,"column":0},"end":{"line":32,"column":44}},"32":{"start":{"line":33,"column":0},"end":{"line":33,"column":16}},"33":{"start":{"line":34,"column":0},"end":{"line":34,"column":25}},"34":{"start":{"line":35,"column":0},"end":{"line":35,"column":36}},"35":{"start":{"line":36,"column":0},"end":{"line":36,"column":41}},"36":{"start":{"line":37,"column":0},"end":{"line":37,"column":42}},"37":{"start":{"line":38,"column":0},"end":{"line":38,"column":37}},"38":{"start":{"line":39,"column":0},"end":{"line":39,"column":29}},"39":{"start":{"line":40,"column":0},"end":{"line":40,"column":19}},"40":{"start":{"line":41,"column":0},"end":{"line":41,"column":15}},"41":{"start":{"line":42,"column":0},"end":{"line":42,"column":11}},"42":{"start":{"line":43,"column":0},"end":{"line":43,"column":7}},"43":{"start":{"line":44,"column":0},"end":{"line":44,"column":2}},"44":{"start":{"line":45,"column":0},"end":{"line":45,"column":0}},"45":{"start":{"line":46,"column":0},"end":{"line":46,"column":36}},"46":{"start":{"line":47,"column":0},"end":{"line":47,"column":43}},"47":{"start":{"line":48,"column":0},"end":{"line":48,"column":54}},"48":{"start":{"line":49,"column":0},"end":{"line":49,"column":19}},"49":{"start":{"line":50,"column":0},"end":{"line":50,"column":21}},"50":{"start":{"line":51,"column":0},"end":{"line":51,"column":37}},"51":{"start":{"line":52,"column":0},"end":{"line":52,"column":21}},"52":{"start":{"line":53,"column":0},"end":{"line":53,"column":6}},"53":{"start":{"line":54,"column":0},"end":{"line":54,"column":51}},"54":{"start":{"line":55,"column":0},"end":{"line":55,"column":36}},"55":{"start":{"line":56,"column":0},"end":{"line":56,"column":68}},"56":{"start":{"line":57,"column":0},"end":{"line":57,"column":77}},"57":{"start":{"line":58,"column":0},"end":{"line":58,"column":60}},"58":{"start":{"line":59,"column":0},"end":{"line":59,"column":7}},"59":{"start":{"line":60,"column":0},"end":{"line":60,"column":5}},"60":{"start":{"line":61,"column":0},"end":{"line":61,"column":1}},"61":{"start":{"line":62,"column":0},"end":{"line":62,"column":0}},"62":{"start":{"line":63,"column":0},"end":{"line":63,"column":10}},"63":{"start":{"line":64,"column":0},"end":{"line":64,"column":30}},"64":{"start":{"line":65,"column":0},"end":{"line":65,"column":43}},"65":{"start":{"line":66,"column":0},"end":{"line":66,"column":68}},"66":{"start":{"line":67,"column":0},"end":{"line":67,"column":34}},"67":{"start":{"line":68,"column":0},"end":{"line":68,"column":33}},"68":{"start":{"line":69,"column":0},"end":{"line":69,"column":51}},"69":{"start":{"line":70,"column":0},"end":{"line":70,"column":15}},"70":{"start":{"line":71,"column":0},"end":{"line":71,"column":27}},"71":{"start":{"line":72,"column":0},"end":{"line":72,"column":27}},"72":{"start":{"line":73,"column":0},"end":{"line":73,"column":24}},"73":{"start":{"line":74,"column":0},"end":{"line":74,"column":8}},"74":{"start":{"line":75,"column":0},"end":{"line":75,"column":24}},"75":{"start":{"line":76,"column":0},"end":{"line":76,"column":6}},"76":{"start":{"line":77,"column":0},"end":{"line":77,"column":5}},"77":{"start":{"line":78,"column":0},"end":{"line":78,"column":1}},"78":{"start":{"line":79,"column":0},"end":{"line":79,"column":66}},"79":{"start":{"line":80,"column":0},"end":{"line":80,"column":54}},"80":{"start":{"line":81,"column":0},"end":{"line":81,"column":45}},"81":{"start":{"line":82,"column":0},"end":{"line":82,"column":40}},"82":{"start":{"line":83,"column":0},"end":{"line":83,"column":45}},"83":{"start":{"line":84,"column":0},"end":{"line":84,"column":44}},"84":{"start":{"line":85,"column":0},"end":{"line":85,"column":0}},"85":{"start":{"line":86,"column":0},"end":{"line":86,"column":52}},"86":{"start":{"line":87,"column":0},"end":{"line":87,"column":32}},"87":{"start":{"line":88,"column":0},"end":{"line":88,"column":59}},"88":{"start":{"line":89,"column":0},"end":{"line":89,"column":31}},"89":{"start":{"line":90,"column":0},"end":{"line":90,"column":10}},"90":{"start":{"line":91,"column":0},"end":{"line":91,"column":6}},"91":{"start":{"line":92,"column":0},"end":{"line":92,"column":1}},"92":{"start":{"line":93,"column":0},"end":{"line":93,"column":11}},"93":{"start":{"line":94,"column":0},"end":{"line":94,"column":30}},"94":{"start":{"line":95,"column":0},"end":{"line":95,"column":43}},"95":{"start":{"line":96,"column":0},"end":{"line":96,"column":12}},"96":{"start":{"line":97,"column":0},"end":{"line":97,"column":94}},"97":{"start":{"line":98,"column":0},"end":{"line":98,"column":77}},"98":{"start":{"line":99,"column":0},"end":{"line":99,"column":21}},"99":{"start":{"line":100,"column":0},"end":{"line":100,"column":56}},"100":{"start":{"line":101,"column":0},"end":{"line":101,"column":44}},"101":{"start":{"line":102,"column":0},"end":{"line":102,"column":61}},"102":{"start":{"line":103,"column":0},"end":{"line":103,"column":23}},"103":{"start":{"line":104,"column":0},"end":{"line":104,"column":23}},"104":{"start":{"line":105,"column":0},"end":{"line":105,"column":33}},"105":{"start":{"line":106,"column":0},"end":{"line":106,"column":42}},"106":{"start":{"line":107,"column":0},"end":{"line":107,"column":15}},"107":{"start":{"line":108,"column":0},"end":{"line":108,"column":19}},"108":{"start":{"line":109,"column":0},"end":{"line":109,"column":23}},"109":{"start":{"line":110,"column":0},"end":{"line":110,"column":24}},"110":{"start":{"line":111,"column":0},"end":{"line":111,"column":25}},"111":{"start":{"line":112,"column":0},"end":{"line":112,"column":21}},"112":{"start":{"line":113,"column":0},"end":{"line":113,"column":10}},"113":{"start":{"line":114,"column":0},"end":{"line":114,"column":6}},"114":{"start":{"line":115,"column":0},"end":{"line":115,"column":5}},"115":{"start":{"line":116,"column":0},"end":{"line":116,"column":1}},"116":{"start":{"line":117,"column":0},"end":{"line":117,"column":0}},"117":{"start":{"line":118,"column":0},"end":{"line":118,"column":33}},"118":{"start":{"line":119,"column":0},"end":{"line":119,"column":45}},"119":{"start":{"line":120,"column":0},"end":{"line":120,"column":23}},"120":{"start":{"line":121,"column":0},"end":{"line":121,"column":68}},"121":{"start":{"line":122,"column":0},"end":{"line":122,"column":25}},"122":{"start":{"line":123,"column":0},"end":{"line":123,"column":49}},"123":{"start":{"line":124,"column":0},"end":{"line":124,"column":26}},"124":{"start":{"line":125,"column":0},"end":{"line":125,"column":10}},"125":{"start":{"line":126,"column":0},"end":{"line":126,"column":8}},"126":{"start":{"line":127,"column":0},"end":{"line":127,"column":49}},"127":{"start":{"line":128,"column":0},"end":{"line":128,"column":40}},"128":{"start":{"line":129,"column":0},"end":{"line":129,"column":67}},"129":{"start":{"line":130,"column":0},"end":{"line":130,"column":25}},"130":{"start":{"line":131,"column":0},"end":{"line":131,"column":11}},"131":{"start":{"line":132,"column":0},"end":{"line":132,"column":7}},"132":{"start":{"line":133,"column":0},"end":{"line":133,"column":2}},"133":{"start":{"line":134,"column":0},"end":{"line":134,"column":0}},"134":{"start":{"line":135,"column":0},"end":{"line":135,"column":58}},"135":{"start":{"line":136,"column":0},"end":{"line":136,"column":45}},"136":{"start":{"line":137,"column":0},"end":{"line":137,"column":23}},"137":{"start":{"line":138,"column":0},"end":{"line":138,"column":26}},"138":{"start":{"line":139,"column":0},"end":{"line":139,"column":31}},"139":{"start":{"line":140,"column":0},"end":{"line":140,"column":24}},"140":{"start":{"line":141,"column":0},"end":{"line":141,"column":10}},"141":{"start":{"line":142,"column":0},"end":{"line":142,"column":8}},"142":{"start":{"line":143,"column":0},"end":{"line":143,"column":60}},"143":{"start":{"line":144,"column":0},"end":{"line":144,"column":40}},"144":{"start":{"line":145,"column":0},"end":{"line":145,"column":81}},"145":{"start":{"line":146,"column":0},"end":{"line":146,"column":75}},"146":{"start":{"line":147,"column":0},"end":{"line":147,"column":11}},"147":{"start":{"line":148,"column":0},"end":{"line":148,"column":7}},"148":{"start":{"line":149,"column":0},"end":{"line":149,"column":4}},"149":{"start":{"line":150,"column":0},"end":{"line":150,"column":0}},"150":{"start":{"line":151,"column":0},"end":{"line":151,"column":50}},"151":{"start":{"line":152,"column":0},"end":{"line":152,"column":43}},"152":{"start":{"line":153,"column":0},"end":{"line":153,"column":12}},"153":{"start":{"line":154,"column":0},"end":{"line":154,"column":37}},"154":{"start":{"line":155,"column":0},"end":{"line":155,"column":27}},"155":{"start":{"line":156,"column":0},"end":{"line":156,"column":31}},"156":{"start":{"line":157,"column":0},"end":{"line":157,"column":33}},"157":{"start":{"line":158,"column":0},"end":{"line":158,"column":0}},"158":{"start":{"line":159,"column":0},"end":{"line":159,"column":14}},"159":{"start":{"line":160,"column":0},"end":{"line":160,"column":70}},"160":{"start":{"line":161,"column":0},"end":{"line":161,"column":40}},"161":{"start":{"line":162,"column":0},"end":{"line":162,"column":49}},"162":{"start":{"line":163,"column":0},"end":{"line":163,"column":35}},"163":{"start":{"line":164,"column":0},"end":{"line":164,"column":60}},"164":{"start":{"line":165,"column":0},"end":{"line":165,"column":9}},"165":{"start":{"line":166,"column":0},"end":{"line":166,"column":7}},"166":{"start":{"line":167,"column":0},"end":{"line":167,"column":5}},"167":{"start":{"line":168,"column":0},"end":{"line":168,"column":1}},"168":{"start":{"line":169,"column":0},"end":{"line":169,"column":0}},"169":{"start":{"line":170,"column":0},"end":{"line":170,"column":51}},"170":{"start":{"line":171,"column":0},"end":{"line":171,"column":43}},"171":{"start":{"line":172,"column":0},"end":{"line":172,"column":12}},"172":{"start":{"line":173,"column":0},"end":{"line":173,"column":36}},"173":{"start":{"line":174,"column":0},"end":{"line":174,"column":46}},"174":{"start":{"line":175,"column":0},"end":{"line":175,"column":47}},"175":{"start":{"line":176,"column":0},"end":{"line":176,"column":33}},"176":{"start":{"line":177,"column":0},"end":{"line":177,"column":16}},"177":{"start":{"line":178,"column":0},"end":{"line":178,"column":7}},"178":{"start":{"line":179,"column":0},"end":{"line":179,"column":5}},"179":{"start":{"line":180,"column":0},"end":{"line":180,"column":1}},"180":{"start":{"line":181,"column":0},"end":{"line":181,"column":0}},"181":{"start":{"line":182,"column":0},"end":{"line":182,"column":143}},"182":{"start":{"line":183,"column":0},"end":{"line":183,"column":19}}},"s":{"0":1,"1":1,"2":1,"3":1,"4":1,"5":8,"6":8,"7":1,"8":1,"9":1,"10":3,"11":3,"12":3,"13":3,"14":3,"15":3,"16":3,"17":3,"18":3,"19":3,"20":3,"21":3,"22":3,"23":3,"24":3,"25":3,"26":3,"27":3,"28":3,"29":3,"30":3,"31":3,"32":3,"33":3,"34":3,"35":3,"36":3,"37":3,"38":3,"39":3,"40":3,"41":3,"42":3,"43":3,"44":1,"45":1,"46":1,"47":1,"48":1,"49":1,"50":1,"51":1,"52":1,"53":1,"54":1,"55":1,"56":1,"57":1,"58":1,"59":1,"60":1,"61":1,"62":1,"63":1,"64":12,"65":12,"66":12,"67":12,"68":12,"69":43,"70":43,"71":43,"72":43,"73":12,"74":12,"75":12,"76":12,"77":12,"78":1,"79":1,"80":3,"81":3,"82":3,"83":3,"84":3,"85":3,"86":3,"87":3,"88":3,"89":3,"90":3,"91":3,"92":1,"93":1,"94":13,"95":13,"96":13,"97":13,"98":13,"99":13,"100":13,"101":13,"102":13,"103":13,"104":13,"105":13,"106":39,"107":39,"108":39,"109":39,"110":39,"111":39,"112":13,"113":13,"114":13,"115":13,"116":1,"117":1,"118":2,"119":2,"120":2,"121":2,"122":2,"123":2,"124":2,"125":2,"126":2,"127":2,"128":2,"129":2,"130":2,"131":2,"132":2,"133":1,"134":1,"135":1,"136":1,"137":1,"138":1,"139":1,"140":1,"141":1,"142":1,"143":1,"144":1,"145":1,"146":1,"147":1,"148":1,"149":1,"150":1,"151":5,"152":5,"153":5,"154":5,"155":5,"156":5,"157":5,"158":5,"159":5,"160":5,"161":5,"162":5,"163":5,"164":5,"165":5,"166":5,"167":5,"168":1,"169":1,"170":0,"171":0,"172":0,"173":0,"174":0,"175":0,"176":0,"177":0,"178":0,"179":0,"180":1,"181":1,"182":1},"branchMap":{"0":{"type":"branch","line":5,"loc":{"start":{"line":5,"column":48},"end":{"line":7,"column":2}},"locations":[{"start":{"line":5,"column":48},"end":{"line":7,"column":2}}]},"1":{"type":"branch","line":6,"loc":{"start":{"line":6,"column":12},"end":{"line":6,"column":22}},"locations":[{"start":{"line":6,"column":12},"end":{"line":6,"column":22}}]},"2":{"type":"branch","line":10,"loc":{"start":{"line":10,"column":21},"end":{"line":44,"column":2}},"locations":[{"start":{"line":10,"column":21},"end":{"line":44,"column":2}}]},"3":{"type":"branch","line":11,"loc":{"start":{"line":11,"column":23},"end":{"line":43,"column":5}},"locations":[{"start":{"line":11,"column":23},"end":{"line":43,"column":5}}]},"4":{"type":"branch","line":20,"loc":{"start":{"line":20,"column":44},"end":{"line":42,"column":9}},"locations":[{"start":{"line":20,"column":44},"end":{"line":42,"column":9}}]},"5":{"type":"branch","line":21,"loc":{"start":{"line":21,"column":21},"end":{"line":21,"column":40}},"locations":[{"start":{"line":21,"column":21},"end":{"line":21,"column":40}}]},"6":{"type":"branch","line":31,"loc":{"start":{"line":31,"column":64},"end":{"line":41,"column":13}},"locations":[{"start":{"line":31,"column":64},"end":{"line":41,"column":13}}]},"7":{"type":"branch","line":32,"loc":{"start":{"line":32,"column":25},"end":{"line":32,"column":44}},"locations":[{"start":{"line":32,"column":25},"end":{"line":32,"column":44}}]},"8":{"type":"branch","line":46,"loc":{"start":{"line":46,"column":20},"end":{"line":61,"column":1}},"locations":[{"start":{"line":46,"column":20},"end":{"line":61,"column":1}}]},"9":{"type":"branch","line":47,"loc":{"start":{"line":47,"column":21},"end":{"line":60,"column":3}},"locations":[{"start":{"line":47,"column":21},"end":{"line":60,"column":3}}]},"10":{"type":"branch","line":54,"loc":{"start":{"line":54,"column":36},"end":{"line":59,"column":5}},"locations":[{"start":{"line":54,"column":36},"end":{"line":59,"column":5}}]},"11":{"type":"branch","line":55,"loc":{"start":{"line":55,"column":17},"end":{"line":55,"column":36}},"locations":[{"start":{"line":55,"column":17},"end":{"line":55,"column":36}}]},"12":{"type":"branch","line":57,"loc":{"start":{"line":57,"column":32},"end":{"line":57,"column":77}},"locations":[{"start":{"line":57,"column":32},"end":{"line":57,"column":77}}]},"13":{"type":"branch","line":64,"loc":{"start":{"line":64,"column":23},"end":{"line":78,"column":1}},"locations":[{"start":{"line":64,"column":23},"end":{"line":78,"column":1}}]},"14":{"type":"branch","line":65,"loc":{"start":{"line":65,"column":21},"end":{"line":77,"column":3}},"locations":[{"start":{"line":65,"column":21},"end":{"line":77,"column":3}}]},"15":{"type":"branch","line":67,"loc":{"start":{"line":67,"column":18},"end":{"line":76,"column":5}},"locations":[{"start":{"line":67,"column":18},"end":{"line":76,"column":5}}]},"16":{"type":"branch","line":68,"loc":{"start":{"line":68,"column":14},"end":{"line":68,"column":33}},"locations":[{"start":{"line":68,"column":14},"end":{"line":68,"column":33}}]},"17":{"type":"branch","line":69,"loc":{"start":{"line":69,"column":32},"end":{"line":74,"column":7}},"locations":[{"start":{"line":69,"column":32},"end":{"line":74,"column":7}}]},"18":{"type":"branch","line":80,"loc":{"start":{"line":80,"column":37},"end":{"line":92,"column":1}},"locations":[{"start":{"line":80,"column":37},"end":{"line":92,"column":1}}]},"19":{"type":"branch","line":81,"loc":{"start":{"line":81,"column":23},"end":{"line":91,"column":5}},"locations":[{"start":{"line":81,"column":23},"end":{"line":91,"column":5}}]},"20":{"type":"branch","line":86,"loc":{"start":{"line":86,"column":36},"end":{"line":90,"column":9}},"locations":[{"start":{"line":86,"column":36},"end":{"line":90,"column":9}}]},"21":{"type":"branch","line":87,"loc":{"start":{"line":87,"column":20},"end":{"line":87,"column":32}},"locations":[{"start":{"line":87,"column":20},"end":{"line":87,"column":32}}]},"22":{"type":"branch","line":88,"loc":{"start":{"line":88,"column":40},"end":{"line":88,"column":57}},"locations":[{"start":{"line":88,"column":40},"end":{"line":88,"column":57}}]},"23":{"type":"branch","line":94,"loc":{"start":{"line":94,"column":23},"end":{"line":116,"column":1}},"locations":[{"start":{"line":94,"column":23},"end":{"line":116,"column":1}}]},"24":{"type":"branch","line":95,"loc":{"start":{"line":95,"column":21},"end":{"line":115,"column":3}},"locations":[{"start":{"line":95,"column":21},"end":{"line":115,"column":3}}]},"25":{"type":"branch","line":104,"loc":{"start":{"line":104,"column":7},"end":{"line":114,"column":5}},"locations":[{"start":{"line":104,"column":7},"end":{"line":114,"column":5}}]},"26":{"type":"branch","line":105,"loc":{"start":{"line":105,"column":14},"end":{"line":105,"column":33}},"locations":[{"start":{"line":105,"column":14},"end":{"line":105,"column":33}}]},"27":{"type":"branch","line":106,"loc":{"start":{"line":106,"column":23},"end":{"line":113,"column":7}},"locations":[{"start":{"line":106,"column":23},"end":{"line":113,"column":7}}]},"28":{"type":"branch","line":118,"loc":{"start":{"line":118,"column":18},"end":{"line":133,"column":2}},"locations":[{"start":{"line":118,"column":18},"end":{"line":133,"column":2}}]},"29":{"type":"branch","line":119,"loc":{"start":{"line":119,"column":23},"end":{"line":132,"column":5}},"locations":[{"start":{"line":119,"column":23},"end":{"line":132,"column":5}}]},"30":{"type":"branch","line":127,"loc":{"start":{"line":127,"column":34},"end":{"line":131,"column":9}},"locations":[{"start":{"line":127,"column":34},"end":{"line":131,"column":9}}]},"31":{"type":"branch","line":128,"loc":{"start":{"line":128,"column":21},"end":{"line":128,"column":40}},"locations":[{"start":{"line":128,"column":21},"end":{"line":128,"column":40}}]},"32":{"type":"branch","line":129,"loc":{"start":{"line":129,"column":22},"end":{"line":129,"column":67}},"locations":[{"start":{"line":129,"column":22},"end":{"line":129,"column":67}}]},"33":{"type":"branch","line":151,"loc":{"start":{"line":151,"column":22},"end":{"line":168,"column":1}},"locations":[{"start":{"line":151,"column":22},"end":{"line":168,"column":1}}]},"34":{"type":"branch","line":152,"loc":{"start":{"line":152,"column":21},"end":{"line":167,"column":3}},"locations":[{"start":{"line":152,"column":21},"end":{"line":167,"column":3}}]},"35":{"type":"branch","line":156,"loc":{"start":{"line":156,"column":21},"end":{"line":166,"column":5}},"locations":[{"start":{"line":156,"column":21},"end":{"line":166,"column":5}}]},"36":{"type":"branch","line":157,"loc":{"start":{"line":157,"column":14},"end":{"line":157,"column":33}},"locations":[{"start":{"line":157,"column":14},"end":{"line":157,"column":33}}]},"37":{"type":"branch","line":162,"loc":{"start":{"line":162,"column":34},"end":{"line":165,"column":7}},"locations":[{"start":{"line":162,"column":34},"end":{"line":165,"column":7}}]},"38":{"type":"branch","line":163,"loc":{"start":{"line":163,"column":16},"end":{"line":163,"column":35}},"locations":[{"start":{"line":163,"column":16},"end":{"line":163,"column":35}}]}},"b":{"0":[8],"1":[0],"2":[3],"3":[3],"4":[3],"5":[0],"6":[3],"7":[0],"8":[1],"9":[1],"10":[1],"11":[0],"12":[0],"13":[12],"14":[12],"15":[12],"16":[0],"17":[43],"18":[3],"19":[3],"20":[3],"21":[0],"22":[1],"23":[13],"24":[13],"25":[13],"26":[0],"27":[39],"28":[2],"29":[2],"30":[2],"31":[0],"32":[0],"33":[5],"34":[5],"35":[5],"36":[0],"37":[5],"38":[0]},"fnMap":{"0":{"name":"createTicket","decl":{"start":{"line":10,"column":21},"end":{"line":44,"column":2}},"loc":{"start":{"line":10,"column":21},"end":{"line":44,"column":2}},"line":10},"1":{"name":"closeTicket","decl":{"start":{"line":46,"column":20},"end":{"line":61,"column":1}},"loc":{"start":{"line":46,"column":20},"end":{"line":61,"column":1}},"line":46},"2":{"name":"getAllServices","decl":{"start":{"line":64,"column":23},"end":{"line":78,"column":1}},"loc":{"start":{"line":64,"column":23},"end":{"line":78,"column":1}},"line":64},"3":{"name":"getServicesAssignedToCounter","decl":{"start":{"line":80,"column":37},"end":{"line":92,"column":1}},"loc":{"start":{"line":80,"column":37},"end":{"line":92,"column":1}},"line":80},"4":{"name":"getAllCounters","decl":{"start":{"line":94,"column":23},"end":{"line":116,"column":1}},"loc":{"start":{"line":94,"column":23},"end":{"line":116,"column":1}},"line":94},"5":{"name":"getTicket","decl":{"start":{"line":118,"column":18},"end":{"line":133,"column":2}},"loc":{"start":{"line":118,"column":18},"end":{"line":133,"column":2}},"line":118},"6":{"name":"selectCounter","decl":{"start":{"line":151,"column":22},"end":{"line":168,"column":1}},"loc":{"start":{"line":151,"column":22},"end":{"line":168,"column":1}},"line":151},"7":{"name":"releaseCounter","decl":{"start":{"line":170,"column":23},"end":{"line":180,"column":1}},"loc":{"start":{"line":170,"column":23},"end":{"line":180,"column":1}},"line":170}},"f":{"0":3,"1":1,"2":12,"3":3,"4":13,"5":2,"6":5,"7":0}}
,"C:\\Users\\damia\\Polito\\Magistrale\\Anno 2\\SoftEng II\\SE2-Group7\\server\\models\\errors.mjs": {"path":"C:\\Users\\damia\\Polito\\Magistrale\\Anno 2\\SoftEng II\\SE2-Group7\\server\\models\\errors.mjs","all":false,"statementMap":{"0":{"start":{"line":1,"column":0},"end":{"line":1,"column":22}},"1":{"start":{"line":2,"column":0},"end":{"line":2,"column":38}},"2":{"start":{"line":3,"column":0},"end":{"line":3,"column":31}},"3":{"start":{"line":4,"column":0},"end":{"line":4,"column":39}},"4":{"start":{"line":5,"column":0},"end":{"line":5,"column":5}},"5":{"start":{"line":6,"column":0},"end":{"line":6,"column":1}},"6":{"start":{"line":7,"column":0},"end":{"line":7,"column":0}},"7":{"start":{"line":8,"column":0},"end":{"line":8,"column":51}},"8":{"start":{"line":9,"column":0},"end":{"line":9,"column":18}},"9":{"start":{"line":10,"column":0},"end":{"line":10,"column":73}},"10":{"start":{"line":11,"column":0},"end":{"line":11,"column":5}},"11":{"start":{"line":12,"column":0},"end":{"line":12,"column":1}}},"s":{"0":1,"1":1,"2":0,"3":0,"4":0,"5":1,"6":1,"7":1,"8":1,"9":0,"10":0,"11":1},"branchMap":{},"b":{},"fnMap":{"0":{"name":"AppError","decl":{"start":{"line":2,"column":4},"end":{"line":5,"column":5}},"loc":{"start":{"line":2,"column":4},"end":{"line":5,"column":5}},"line":2},"1":{"name":"InternalServerError","decl":{"start":{"line":9,"column":4},"end":{"line":11,"column":5}},"loc":{"start":{"line":9,"column":4},"end":{"line":11,"column":5}},"line":9}},"f":{"0":0,"1":0}}
,"C:\\Users\\damia\\Polito\\Magistrale\\Anno 2\\SoftEng II\\SE2-Group7\\server\\models\\models.mjs": {"path":"C:\\Users\\damia\\Polito\\Magistrale\\Anno 2\\SoftEng II\\SE2-Group7\\server\\models\\models.mjs","all":false,"statementMap":{"0":{"start":{"line":1,"column":0},"end":{"line":1,"column":46}},"1":{"start":{"line":2,"column":0},"end":{"line":2,"column":17}},"2":{"start":{"line":3,"column":0},"end":{"line":3,"column":19}},"3":{"start":{"line":4,"column":0},"end":{"line":4,"column":21}},"4":{"start":{"line":5,"column":0},"end":{"line":5,"column":37}},"5":{"start":{"line":6,"column":0},"end":{"line":6,"column":1}},"6":{"start":{"line":7,"column":0},"end":{"line":7,"column":54}},"7":{"start":{"line":8,"column":0},"end":{"line":8,"column":78}},"8":{"start":{"line":9,"column":0},"end":{"line":9,"column":15}},"9":{"start":{"line":10,"column":0},"end":{"line":10,"column":23}},"10":{"start":{"line":11,"column":0},"end":{"line":11,"column":31}},"11":{"start":{"line":12,"column":0},"end":{"line":12,"column":33}},"12":{"start":{"line":13,"column":0},"end":{"line":13,"column":35}},"13":{"start":{"line":14,"column":0},"end":{"line":14,"column":34}},"14":{"start":{"line":15,"column":0},"end":{"line":15,"column":1}},"15":{"start":{"line":16,"column":0},"end":{"line":16,"column":18}},"16":{"start":{"line":17,"column":0},"end":{"line":17,"column":26}},"17":{"start":{"line":18,"column":0},"end":{"line":18,"column":0}},"18":{"start":{"line":19,"column":0},"end":{"line":19,"column":101}},"19":{"start":{"line":20,"column":0},"end":{"line":20,"column":28}},"20":{"start":{"line":21,"column":0},"end":{"line":21,"column":0}},"21":{"start":{"line":22,"column":0},"end":{"line":22,"column":41}},"22":{"start":{"line":23,"column":0},"end":{"line":23,"column":28}},"23":{"start":{"line":24,"column":0},"end":{"line":24,"column":35}},"24":{"start":{"line":25,"column":0},"end":{"line":25,"column":17}},"25":{"start":{"line":26,"column":0},"end":{"line":26,"column":59}},"26":{"start":{"line":27,"column":0},"end":{"line":27,"column":31}},"27":{"start":{"line":28,"column":0},"end":{"line":28,"column":17}},"28":{"start":{"line":29,"column":0},"end":{"line":29,"column":14}},"29":{"start":{"line":30,"column":0},"end":{"line":30,"column":11}},"30":{"start":{"line":31,"column":0},"end":{"line":31,"column":5}},"31":{"start":{"line":32,"column":0},"end":{"line":32,"column":0}},"32":{"start":{"line":33,"column":0},"end":{"line":33,"column":59}},"33":{"start":{"line":34,"column":0},"end":{"line":34,"column":56}},"34":{"start":{"line":35,"column":0},"end":{"line":35,"column":77}},"35":{"start":{"line":36,"column":0},"end":{"line":36,"column":60}},"36":{"start":{"line":37,"column":0},"end":{"line":37,"column":33}},"37":{"start":{"line":38,"column":0},"end":{"line":38,"column":5}},"38":{"start":{"line":39,"column":0},"end":{"line":39,"column":0}},"39":{"start":{"line":40,"column":0},"end":{"line":40,"column":41}},"40":{"start":{"line":41,"column":0},"end":{"line":41,"column":35}},"41":{"start":{"line":42,"column":0},"end":{"line":42,"column":27}},"42":{"start":{"line":43,"column":0},"end":{"line":43,"column":0}},"43":{"start":{"line":44,"column":0},"end":{"line":44,"column":45}},"44":{"start":{"line":45,"column":0},"end":{"line":45,"column":60}},"45":{"start":{"line":46,"column":0},"end":{"line":46,"column":40}},"46":{"start":{"line":47,"column":0},"end":{"line":47,"column":0}},"47":{"start":{"line":48,"column":0},"end":{"line":48,"column":52}},"48":{"start":{"line":49,"column":0},"end":{"line":49,"column":0}},"49":{"start":{"line":50,"column":0},"end":{"line":50,"column":34}},"50":{"start":{"line":51,"column":0},"end":{"line":51,"column":44}},"51":{"start":{"line":52,"column":0},"end":{"line":52,"column":32}},"52":{"start":{"line":53,"column":0},"end":{"line":53,"column":86}},"53":{"start":{"line":54,"column":0},"end":{"line":54,"column":64}},"54":{"start":{"line":55,"column":0},"end":{"line":55,"column":100}},"55":{"start":{"line":56,"column":0},"end":{"line":56,"column":48}},"56":{"start":{"line":57,"column":0},"end":{"line":57,"column":17}},"57":{"start":{"line":58,"column":0},"end":{"line":58,"column":13}},"58":{"start":{"line":59,"column":0},"end":{"line":59,"column":9}},"59":{"start":{"line":60,"column":0},"end":{"line":60,"column":0}},"60":{"start":{"line":61,"column":0},"end":{"line":61,"column":61}},"61":{"start":{"line":62,"column":0},"end":{"line":62,"column":0}},"62":{"start":{"line":63,"column":0},"end":{"line":63,"column":89}},"63":{"start":{"line":64,"column":0},"end":{"line":64,"column":5}},"64":{"start":{"line":65,"column":0},"end":{"line":65,"column":41}},"65":{"start":{"line":66,"column":0},"end":{"line":66,"column":32}},"66":{"start":{"line":67,"column":0},"end":{"line":67,"column":0}},"67":{"start":{"line":68,"column":0},"end":{"line":68,"column":45}},"68":{"start":{"line":69,"column":0},"end":{"line":69,"column":63}},"69":{"start":{"line":70,"column":0},"end":{"line":70,"column":58}},"70":{"start":{"line":71,"column":0},"end":{"line":71,"column":14}},"71":{"start":{"line":72,"column":0},"end":{"line":72,"column":11}},"72":{"start":{"line":73,"column":0},"end":{"line":73,"column":0}},"73":{"start":{"line":74,"column":0},"end":{"line":74,"column":64}},"74":{"start":{"line":75,"column":0},"end":{"line":75,"column":33}},"75":{"start":{"line":76,"column":0},"end":{"line":76,"column":5}},"76":{"start":{"line":77,"column":0},"end":{"line":77,"column":1}}},"s":{"0":43,"1":43,"2":43,"3":43,"4":43,"5":43,"6":1,"7":39,"8":39,"9":39,"10":39,"11":39,"12":39,"13":39,"14":39,"15":5,"16":5,"17":5,"18":5,"19":5,"20":5,"21":5,"22":18,"23":18,"24":18,"25":18,"26":18,"27":18,"28":18,"29":5,"30":5,"31":5,"32":5,"33":2,"34":2,"35":2,"36":2,"37":2,"38":5,"39":5,"40":3,"41":3,"42":3,"43":3,"44":1,"45":1,"46":1,"47":1,"48":1,"49":1,"50":1,"51":1,"52":1,"53":0,"54":0,"55":0,"56":0,"57":0,"58":1,"59":3,"60":3,"61":1,"62":1,"63":3,"64":5,"65":0,"66":0,"67":0,"68":0,"69":0,"70":0,"71":0,"72":0,"73":0,"74":0,"75":0,"76":5},"branchMap":{"0":{"type":"branch","line":1,"loc":{"start":{"line":1,"column":0},"end":{"line":6,"column":1}},"locations":[{"start":{"line":1,"column":0},"end":{"line":6,"column":1}}]},"1":{"type":"branch","line":8,"loc":{"start":{"line":8,"column":0},"end":{"line":15,"column":1}},"locations":[{"start":{"line":8,"column":0},"end":{"line":15,"column":1}}]},"2":{"type":"branch","line":14,"loc":{"start":{"line":14,"column":25},"end":{"line":14,"column":33}},"locations":[{"start":{"line":14,"column":25},"end":{"line":14,"column":33}}]},"3":{"type":"branch","line":16,"loc":{"start":{"line":16,"column":0},"end":{"line":77,"column":1}},"locations":[{"start":{"line":16,"column":0},"end":{"line":77,"column":1}}]},"4":{"type":"branch","line":19,"loc":{"start":{"line":19,"column":28},"end":{"line":31,"column":5}},"locations":[{"start":{"line":19,"column":28},"end":{"line":31,"column":5}}]},"5":{"type":"branch","line":22,"loc":{"start":{"line":22,"column":29},"end":{"line":30,"column":9}},"locations":[{"start":{"line":22,"column":29},"end":{"line":30,"column":9}}]},"6":{"type":"branch","line":33,"loc":{"start":{"line":33,"column":21},"end":{"line":38,"column":5}},"locations":[{"start":{"line":33,"column":21},"end":{"line":38,"column":5}}]},"7":{"type":"branch","line":35,"loc":{"start":{"line":35,"column":27},"end":{"line":35,"column":77}},"locations":[{"start":{"line":35,"column":27},"end":{"line":35,"column":77}}]},"8":{"type":"branch","line":40,"loc":{"start":{"line":40,"column":25},"end":{"line":64,"column":5}},"locations":[{"start":{"line":40,"column":25},"end":{"line":64,"column":5}}]},"9":{"type":"branch","line":44,"loc":{"start":{"line":44,"column":44},"end":{"line":59,"column":9}},"locations":[{"start":{"line":44,"column":44},"end":{"line":59,"column":9}}]},"10":{"type":"branch","line":46,"loc":{"start":{"line":46,"column":31},"end":{"line":46,"column":40}},"locations":[{"start":{"line":46,"column":31},"end":{"line":46,"column":40}}]},"11":{"type":"branch","line":53,"loc":{"start":{"line":53,"column":13},"end":{"line":58,"column":13}},"locations":[{"start":{"line":53,"column":13},"end":{"line":58,"column":13}}]},"12":{"type":"branch","line":61,"loc":{"start":{"line":61,"column":29},"end":{"line":61,"column":47}},"locations":[{"start":{"line":61,"column":29},"end":{"line":61,"column":47}}]},"13":{"type":"branch","line":61,"loc":{"start":{"line":61,"column":49},"end":{"line":64,"column":4}},"locations":[{"start":{"line":61,"column":49},"end":{"line":64,"column":4}}]},"14":{"type":"branch","line":62,"loc":{"start":{"line":62,"column":-2},"end":{"line":64,"column":4}},"locations":[{"start":{"line":62,"column":-2},"end":{"line":64,"column":4}}]}},"b":{"0":[43],"1":[39],"2":[18],"3":[5],"4":[5],"5":[18],"6":[2],"7":[0],"8":[3],"9":[1],"10":[0],"11":[0],"12":[1],"13":[2],"14":[1]},"fnMap":{"0":{"name":"Service","decl":{"start":{"line":1,"column":0},"end":{"line":6,"column":1}},"loc":{"start":{"line":1,"column":0},"end":{"line":6,"column":1}},"line":1},"1":{"name":"Counter","decl":{"start":{"line":8,"column":0},"end":{"line":15,"column":1}},"loc":{"start":{"line":8,"column":0},"end":{"line":15,"column":1}},"line":8},"2":{"name":"Queues","decl":{"start":{"line":16,"column":0},"end":{"line":77,"column":1}},"loc":{"start":{"line":16,"column":0},"end":{"line":77,"column":1}},"line":16},"3":{"name":"Queues.inizializeQueues","decl":{"start":{"line":19,"column":28},"end":{"line":31,"column":5}},"loc":{"start":{"line":19,"column":28},"end":{"line":31,"column":5}},"line":19},"4":{"name":"Queues.addTicket","decl":{"start":{"line":33,"column":21},"end":{"line":38,"column":5}},"loc":{"start":{"line":33,"column":21},"end":{"line":38,"column":5}},"line":33},"5":{"name":"Queues.getNextTicket","decl":{"start":{"line":40,"column":25},"end":{"line":64,"column":5}},"loc":{"start":{"line":40,"column":25},"end":{"line":64,"column":5}},"line":40},"6":{"name":"Queues.removeTicket","decl":{"start":{"line":65,"column":24},"end":{"line":76,"column":5}},"loc":{"start":{"line":65,"column":24},"end":{"line":76,"column":5}},"line":65}},"f":{"0":43,"1":39,"2":5,"3":5,"4":2,"5":3,"6":0}}
}
